2025-06-23 17:01:44,053 - INFO - Initialisation du pipeline RSV Illumina avec Slurm
2025-06-23 17:01:44,054 - INFO - Début du pipeline Illumina RSV
2025-06-23 17:01:44,059 - INFO - Soumission Slurm (cutadapt_762400359920_S22_L001): sbatch --parsable /tmp/tmp1hhjcq2g
2025-06-23 17:01:44,159 - INFO - Soumission Slurm (cutadapt_762313403537_S23_L001): sbatch --parsable /tmp/tmp8z5eui1b
2025-06-23 17:01:44,193 - INFO - Soumission Slurm (cutadapt_762313345771_S16_L001): sbatch --parsable /tmp/tmpht8hua2s
2025-06-23 17:01:44,228 - INFO - Soumission Slurm (cutadapt_762313207701_S21_L001): sbatch --parsable /tmp/tmp2iqzgdq7
2025-06-23 17:01:44,257 - INFO - Soumission Slurm (cutadapt_762313387929_S17_L001): sbatch --parsable /tmp/tmphtv1zz4p
2025-06-23 17:01:44,298 - INFO - Soumission Slurm (cutadapt_762403628857_S2_L001): sbatch --parsable /tmp/tmpmr3itqt9
2025-06-23 17:01:44,333 - INFO - Soumission Slurm (cutadapt_762313394483_S8_L001): sbatch --parsable /tmp/tmp9ya_5pq_
2025-06-23 17:01:44,368 - INFO - Soumission Slurm (cutadapt_762403575535_S1_L001): sbatch --parsable /tmp/tmpxniz182z
2025-06-23 17:01:44,401 - INFO - Soumission Slurm (cutadapt_Tneg_S24_L001): sbatch --parsable /tmp/tmpj642w2sz
2025-06-23 17:01:44,433 - INFO - Soumission Slurm (cutadapt_762400265848_S12_L001): sbatch --parsable /tmp/tmpc_1bug31
2025-06-23 17:01:44,469 - INFO - Soumission Slurm (cutadapt_762313613809_S14_L001): sbatch --parsable /tmp/tmpbkjb17q8
2025-06-23 17:01:44,503 - INFO - Soumission Slurm (cutadapt_762313069336_S15_L001): sbatch --parsable /tmp/tmpofu9_9ag
2025-06-23 17:01:44,535 - INFO - Soumission Slurm (cutadapt_762313588113_S10_L001): sbatch --parsable /tmp/tmpgc9du8f_
2025-06-23 17:01:44,568 - INFO - Soumission Slurm (cutadapt_762400037787_S9_L001): sbatch --parsable /tmp/tmpwub6ybj_
2025-06-23 17:01:44,602 - INFO - Soumission Slurm (cutadapt_762313291711_S18_L001): sbatch --parsable /tmp/tmpiz50mgc0
2025-06-23 17:01:44,639 - INFO - Soumission Slurm (cutadapt_762403596896_S6_L001): sbatch --parsable /tmp/tmpek7ua1lk
2025-06-23 17:01:44,675 - INFO - Soumission Slurm (cutadapt_762313586613_S20_L001): sbatch --parsable /tmp/tmp0a1puk_7
2025-06-23 17:01:44,708 - INFO - Soumission Slurm (cutadapt_762400001842_S7_L001): sbatch --parsable /tmp/tmppdqnxngz
2025-06-23 17:01:44,743 - INFO - Soumission Slurm (cutadapt_762500488845_S4_L001): sbatch --parsable /tmp/tmpql3s07kb
2025-06-23 17:01:44,777 - INFO - Soumission Slurm (cutadapt_762313327828_S19_L001): sbatch --parsable /tmp/tmpxgkwnk1d
2025-06-23 17:01:44,808 - INFO - Soumission Slurm (cutadapt_762400181459_S11_L001): sbatch --parsable /tmp/tmpg_kxjk_t
2025-06-23 17:01:44,838 - INFO - Soumission Slurm (cutadapt_762313353613_S13_L001): sbatch --parsable /tmp/tmp1ejyikt9
2025-06-23 17:01:44,881 - INFO - Pipeline terminé. Consensus généré dans /shared/projects/virome_human_apes/Maud_biostats/NanoConsensusSNP_pipeline/output_Miseq_ivar/consensus
2025-06-24 09:47:15,645 - INFO - Initialisation du pipeline RSV Illumina avec Bowtie2 + ivar
2025-06-24 09:47:15,682 - INFO - Début du pipeline Illumina RSV
2025-06-24 09:47:15,685 - CRITICAL - Échec du pipeline : name 'tempfile' is not defined
2025-06-24 09:48:24,225 - INFO - Initialisation du pipeline RSV Illumina avec Bowtie2 + ivar
2025-06-24 09:48:24,226 - INFO - Début du pipeline Illumina RSV
2025-06-24 09:48:24,227 - INFO - Soumission Slurm (cutadapt_762400359920_S22_L001_001): sbatch --parsable /tmp/tmpykwueqri
2025-06-24 09:48:24,284 - INFO - Soumission Slurm (cutadapt_762313403537_S23_L001_001): sbatch --parsable /tmp/tmpphs6bczc
2025-06-24 09:48:24,418 - INFO - Soumission Slurm (cutadapt_762313345771_S16_L001_001): sbatch --parsable /tmp/tmpjoxmq6q5
2025-06-24 09:48:24,455 - INFO - Soumission Slurm (cutadapt_762313207701_S21_L001_001): sbatch --parsable /tmp/tmpro05cwfa
2025-06-24 09:48:24,496 - INFO - Soumission Slurm (cutadapt_762313387929_S17_L001_001): sbatch --parsable /tmp/tmpmehpysj5
2025-06-24 09:48:24,530 - INFO - Soumission Slurm (cutadapt_762403628857_S2_L001_001): sbatch --parsable /tmp/tmpvlwqvvcv
2025-06-24 09:48:24,564 - INFO - Soumission Slurm (cutadapt_762313394483_S8_L001_001): sbatch --parsable /tmp/tmp_ypht3li
2025-06-24 09:48:24,601 - INFO - Soumission Slurm (cutadapt_762403575535_S1_L001_001): sbatch --parsable /tmp/tmp8cxzehpv
2025-06-24 09:48:24,641 - INFO - Soumission Slurm (cutadapt_Tneg_S24_L001_001): sbatch --parsable /tmp/tmpwr0x2hjn
2025-06-24 09:48:24,681 - INFO - Soumission Slurm (cutadapt_762400265848_S12_L001_001): sbatch --parsable /tmp/tmpk7uge947
2025-06-24 09:48:24,720 - INFO - Soumission Slurm (cutadapt_762313613809_S14_L001_001): sbatch --parsable /tmp/tmp71ml0ddc
2025-06-24 09:48:24,772 - INFO - Soumission Slurm (cutadapt_762313069336_S15_L001_001): sbatch --parsable /tmp/tmpwdphoq7t
2025-06-24 09:48:24,803 - INFO - Soumission Slurm (cutadapt_762313588113_S10_L001_001): sbatch --parsable /tmp/tmpb21keo6h
2025-06-24 09:48:24,854 - INFO - Soumission Slurm (cutadapt_762400037787_S9_L001_001): sbatch --parsable /tmp/tmpx14spsya
2025-06-24 09:48:24,888 - INFO - Soumission Slurm (cutadapt_762313291711_S18_L001_001): sbatch --parsable /tmp/tmpdf1jznyv
2025-06-24 09:48:24,921 - INFO - Soumission Slurm (cutadapt_762403596896_S6_L001_001): sbatch --parsable /tmp/tmpb7ano002
2025-06-24 09:48:24,956 - INFO - Soumission Slurm (cutadapt_762313586613_S20_L001_001): sbatch --parsable /tmp/tmpsafu5i5h
2025-06-24 09:48:24,989 - INFO - Soumission Slurm (cutadapt_762400001842_S7_L001_001): sbatch --parsable /tmp/tmp0exrx76y
2025-06-24 09:48:25,023 - INFO - Soumission Slurm (cutadapt_762500488845_S4_L001_001): sbatch --parsable /tmp/tmphrcy6g01
2025-06-24 09:48:25,076 - INFO - Soumission Slurm (cutadapt_762313327828_S19_L001_001): sbatch --parsable /tmp/tmpbwq7ya7e
2025-06-24 09:48:25,109 - INFO - Soumission Slurm (cutadapt_762400181459_S11_L001_001): sbatch --parsable /tmp/tmps2kyscr2
2025-06-24 09:48:25,156 - INFO - Soumission Slurm (cutadapt_762313353613_S13_L001_001): sbatch --parsable /tmp/tmp_m3f_7cv
2025-06-24 09:48:25,190 - INFO - Pipeline terminé. Consensus généré dans /shared/projects/virome_human_apes/Maud_biostats/NanoConsensusSNP_pipeline/output_Miseq_ivar/consensus
2025-06-24 09:48:54,525 - INFO - Initialisation du pipeline RSV Illumina avec Bowtie2 + ivar
2025-06-24 09:48:54,525 - INFO - Début du pipeline Illumina RSV
2025-06-24 09:48:54,528 - INFO - Fichiers trimmed pour 762400359920_S22_L001_001 déjà présents → skip
2025-06-24 09:48:54,529 - INFO - Fichiers trimmed pour 762313403537_S23_L001_001 déjà présents → skip
2025-06-24 09:48:54,530 - INFO - Fichiers trimmed pour 762313345771_S16_L001_001 déjà présents → skip
2025-06-24 09:48:54,530 - INFO - Fichiers trimmed pour 762313207701_S21_L001_001 déjà présents → skip
2025-06-24 09:48:54,532 - INFO - Fichiers trimmed pour 762313387929_S17_L001_001 déjà présents → skip
2025-06-24 09:48:54,533 - INFO - Fichiers trimmed pour 762403628857_S2_L001_001 déjà présents → skip
2025-06-24 09:48:54,535 - INFO - Fichiers trimmed pour 762313394483_S8_L001_001 déjà présents → skip
2025-06-24 09:48:54,536 - INFO - Fichiers trimmed pour 762403575535_S1_L001_001 déjà présents → skip
2025-06-24 09:48:54,536 - INFO - Fichiers trimmed pour Tneg_S24_L001_001 déjà présents → skip
2025-06-24 09:48:54,537 - INFO - Fichiers trimmed pour 762400265848_S12_L001_001 déjà présents → skip
2025-06-24 09:48:54,538 - INFO - Fichiers trimmed pour 762313613809_S14_L001_001 déjà présents → skip
2025-06-24 09:48:54,540 - INFO - Fichiers trimmed pour 762313069336_S15_L001_001 déjà présents → skip
2025-06-24 09:48:54,541 - INFO - Fichiers trimmed pour 762313588113_S10_L001_001 déjà présents → skip
2025-06-24 09:48:54,543 - INFO - Fichiers trimmed pour 762400037787_S9_L001_001 déjà présents → skip
2025-06-24 09:48:54,544 - INFO - Fichiers trimmed pour 762313291711_S18_L001_001 déjà présents → skip
2025-06-24 09:48:54,545 - INFO - Fichiers trimmed pour 762403596896_S6_L001_001 déjà présents → skip
2025-06-24 09:48:54,546 - INFO - Fichiers trimmed pour 762313586613_S20_L001_001 déjà présents → skip
2025-06-24 09:48:54,547 - INFO - Fichiers trimmed pour 762400001842_S7_L001_001 déjà présents → skip
2025-06-24 09:48:54,548 - INFO - Fichiers trimmed pour 762500488845_S4_L001_001 déjà présents → skip
2025-06-24 09:48:54,550 - INFO - Fichiers trimmed pour 762313327828_S19_L001_001 déjà présents → skip
2025-06-24 09:48:54,551 - INFO - Fichiers trimmed pour 762400181459_S11_L001_001 déjà présents → skip
2025-06-24 09:48:54,552 - INFO - Fichiers trimmed pour 762313353613_S13_L001_001 déjà présents → skip
2025-06-24 09:48:54,555 - INFO - Soumission Slurm (bt2_A_762400265848_S12_L001_001): sbatch --parsable /tmp/tmp04e9xr5s
2025-06-24 09:48:54,588 - INFO - Soumission Slurm (bt2_B_762400265848_S12_L001_001): sbatch --parsable /tmp/tmpd4tv70jf
2025-06-24 09:48:54,638 - INFO - Soumission Slurm (bt2_A_762313327828_S19_L001_001): sbatch --parsable /tmp/tmpckdiy1jn
2025-06-24 09:48:54,672 - INFO - Soumission Slurm (bt2_B_762313327828_S19_L001_001): sbatch --parsable /tmp/tmp21fqi8q3
2025-06-24 09:48:54,707 - INFO - Soumission Slurm (bt2_A_762313345771_S16_L001_001): sbatch --parsable /tmp/tmp50ux390m
2025-06-24 09:48:54,738 - INFO - Soumission Slurm (bt2_B_762313345771_S16_L001_001): sbatch --parsable /tmp/tmpn9xcrzoo
2025-06-24 09:48:54,774 - INFO - Soumission Slurm (bt2_A_762400001842_S7_L001_001): sbatch --parsable /tmp/tmp40ada0l2
2025-06-24 09:48:54,804 - INFO - Soumission Slurm (bt2_B_762400001842_S7_L001_001): sbatch --parsable /tmp/tmp0cs_5hkf
2025-06-24 09:48:54,838 - INFO - Soumission Slurm (bt2_A_762313207701_S21_L001_001): sbatch --parsable /tmp/tmpe0khs34s
2025-06-24 09:48:54,869 - INFO - Soumission Slurm (bt2_B_762313207701_S21_L001_001): sbatch --parsable /tmp/tmp6hz93xw9
2025-06-24 09:48:54,903 - INFO - Soumission Slurm (bt2_A_762403596896_S6_L001_001): sbatch --parsable /tmp/tmpatk5mpgp
2025-06-24 09:48:54,934 - INFO - Soumission Slurm (bt2_B_762403596896_S6_L001_001): sbatch --parsable /tmp/tmpzdarrw9_
2025-06-24 09:48:55,007 - INFO - Soumission Slurm (bt2_A_762400359920_S22_L001_001): sbatch --parsable /tmp/tmp_3n7vfr4
2025-06-24 09:48:55,051 - INFO - Soumission Slurm (bt2_B_762400359920_S22_L001_001): sbatch --parsable /tmp/tmph8hdw6xf
2025-06-24 09:48:55,094 - INFO - Soumission Slurm (bt2_A_762403575535_S1_L001_001): sbatch --parsable /tmp/tmp95ztige2
2025-06-24 09:48:55,126 - INFO - Soumission Slurm (bt2_B_762403575535_S1_L001_001): sbatch --parsable /tmp/tmp544fjrme
2025-06-24 09:48:55,170 - INFO - Soumission Slurm (bt2_A_762400037787_S9_L001_001): sbatch --parsable /tmp/tmpakif1csi
2025-06-24 09:48:55,201 - INFO - Soumission Slurm (bt2_B_762400037787_S9_L001_001): sbatch --parsable /tmp/tmpr05byejv
2025-06-24 09:48:55,233 - INFO - Soumission Slurm (bt2_A_762313613809_S14_L001_001): sbatch --parsable /tmp/tmpv5z75wdx
2025-06-24 09:48:55,279 - INFO - Soumission Slurm (bt2_B_762313613809_S14_L001_001): sbatch --parsable /tmp/tmp48q9c0oe
2025-06-24 09:48:55,309 - INFO - Soumission Slurm (bt2_A_Tneg_S24_L001_001): sbatch --parsable /tmp/tmpagw8d26j
2025-06-24 09:48:55,340 - INFO - Soumission Slurm (bt2_B_Tneg_S24_L001_001): sbatch --parsable /tmp/tmp3hv1uv9c
2025-06-24 09:48:55,401 - INFO - Soumission Slurm (bt2_A_762313403537_S23_L001_001): sbatch --parsable /tmp/tmpwfclls1e
2025-06-24 09:48:55,449 - INFO - Soumission Slurm (bt2_B_762313403537_S23_L001_001): sbatch --parsable /tmp/tmp02yob38j
2025-06-24 09:48:55,480 - INFO - Soumission Slurm (bt2_A_762313291711_S18_L001_001): sbatch --parsable /tmp/tmp1_ys2e1w
2025-06-24 09:48:55,514 - INFO - Soumission Slurm (bt2_B_762313291711_S18_L001_001): sbatch --parsable /tmp/tmpkpfgwj8d
2025-06-24 09:48:55,544 - INFO - Soumission Slurm (bt2_A_762313069336_S15_L001_001): sbatch --parsable /tmp/tmpmi3i9syz
2025-06-24 09:48:55,574 - INFO - Soumission Slurm (bt2_B_762313069336_S15_L001_001): sbatch --parsable /tmp/tmpkugkm_ny
2025-06-24 09:48:55,608 - INFO - Soumission Slurm (bt2_A_762313586613_S20_L001_001): sbatch --parsable /tmp/tmpz6w1is4h
2025-06-24 09:48:55,671 - INFO - Soumission Slurm (bt2_B_762313586613_S20_L001_001): sbatch --parsable /tmp/tmp_j_xc_in
2025-06-24 09:48:55,706 - INFO - Soumission Slurm (bt2_A_762313353613_S13_L001_001): sbatch --parsable /tmp/tmpxppu0s95
2025-06-24 09:48:55,748 - INFO - Soumission Slurm (bt2_B_762313353613_S13_L001_001): sbatch --parsable /tmp/tmpg6ykimwf
2025-06-24 09:48:55,782 - INFO - Soumission Slurm (bt2_A_762313588113_S10_L001_001): sbatch --parsable /tmp/tmp1zo7pwx5
2025-06-24 09:48:55,824 - INFO - Soumission Slurm (bt2_B_762313588113_S10_L001_001): sbatch --parsable /tmp/tmpvs_gwnnd
2025-06-24 09:48:55,877 - INFO - Soumission Slurm (bt2_A_762313394483_S8_L001_001): sbatch --parsable /tmp/tmpjj6s1uw1
2025-06-24 09:48:55,908 - INFO - Soumission Slurm (bt2_B_762313394483_S8_L001_001): sbatch --parsable /tmp/tmpkslmzrcu
2025-06-24 09:48:55,941 - INFO - Soumission Slurm (bt2_A_762313387929_S17_L001_001): sbatch --parsable /tmp/tmp03wkzlrc
2025-06-24 09:48:55,973 - INFO - Soumission Slurm (bt2_B_762313387929_S17_L001_001): sbatch --parsable /tmp/tmppyey3z2l
2025-06-24 09:48:56,037 - INFO - Soumission Slurm (bt2_A_762400181459_S11_L001_001): sbatch --parsable /tmp/tmp3nhg4a_r
2025-06-24 09:48:56,065 - INFO - Soumission Slurm (bt2_B_762400181459_S11_L001_001): sbatch --parsable /tmp/tmpw6vs42nx
2025-06-24 09:48:56,101 - INFO - Soumission Slurm (bt2_A_762403628857_S2_L001_001): sbatch --parsable /tmp/tmp_haotv0i
2025-06-24 09:48:56,141 - INFO - Soumission Slurm (bt2_B_762403628857_S2_L001_001): sbatch --parsable /tmp/tmpztpo7k7i
2025-06-24 09:48:56,174 - INFO - Soumission Slurm (bt2_A_762500488845_S4_L001_001): sbatch --parsable /tmp/tmpu_av78cs
2025-06-24 09:48:56,207 - INFO - Soumission Slurm (bt2_B_762500488845_S4_L001_001): sbatch --parsable /tmp/tmphpfpxn6g
2025-06-24 09:48:56,292 - INFO - Soumission Slurm (samtools_762400265848_S12_L001_001_refA): sbatch --parsable /tmp/tmp1uigiv_d
2025-06-24 09:48:56,418 - INFO - Soumission Slurm (samtools_762313345771_S16_L001_001_refA): sbatch --parsable /tmp/tmpw7t6egsl
2025-06-24 09:48:56,453 - INFO - Soumission Slurm (samtools_762313207701_S21_L001_001_refB): sbatch --parsable /tmp/tmptn304ofa
2025-06-24 09:48:56,486 - INFO - Soumission Slurm (samtools_762313613809_S14_L001_001_refA): sbatch --parsable /tmp/tmpd53mcgsl
2025-06-24 09:48:56,520 - INFO - Soumission Slurm (samtools_762313327828_S19_L001_001_refB): sbatch --parsable /tmp/tmp5olwilsw
2025-06-24 09:48:56,552 - INFO - Soumission Slurm (samtools_762400001842_S7_L001_001_refB): sbatch --parsable /tmp/tmpbdlb0k4w
2025-06-24 09:48:56,602 - INFO - Soumission Slurm (samtools_762313586613_S20_L001_001_refB): sbatch --parsable /tmp/tmp2b2kuds0
2025-06-24 09:48:56,651 - INFO - Soumission Slurm (samtools_762403596896_S6_L001_001_refB): sbatch --parsable /tmp/tmpezvgzaaf
2025-06-24 09:48:56,709 - INFO - Soumission Slurm (samtools_762313403537_S23_L001_001_refA): sbatch --parsable /tmp/tmpp41ij0es
2025-06-24 09:48:56,753 - INFO - Soumission Slurm (samtools_762400359920_S22_L001_001_refB): sbatch --parsable /tmp/tmpxhegyxpu
2025-06-24 09:48:56,787 - INFO - Soumission Slurm (samtools_762400037787_S9_L001_001_refB): sbatch --parsable /tmp/tmpo61czgs5
2025-06-24 09:48:56,839 - INFO - Soumission Slurm (samtools_762313327828_S19_L001_001_refA): sbatch --parsable /tmp/tmprd92fav7
2025-06-24 09:48:56,889 - INFO - Soumission Slurm (samtools_762400037787_S9_L001_001_refA): sbatch --parsable /tmp/tmpds3u3s07
2025-06-24 09:48:56,920 - INFO - Soumission Slurm (samtools_762400001842_S7_L001_001_refA): sbatch --parsable /tmp/tmpq1j4naou
2025-06-24 09:48:56,955 - INFO - Soumission Slurm (samtools_762313345771_S16_L001_001_refB): sbatch --parsable /tmp/tmp1u8u4vvx
2025-06-24 09:48:56,995 - INFO - Soumission Slurm (samtools_762403575535_S1_L001_001_refA): sbatch --parsable /tmp/tmpsvm_wd2k
2025-06-24 09:48:57,028 - INFO - Soumission Slurm (samtools_762403575535_S1_L001_001_refB): sbatch --parsable /tmp/tmp3yl0tk6q
2025-06-24 09:48:57,061 - INFO - Soumission Slurm (samtools_762400265848_S12_L001_001_refB): sbatch --parsable /tmp/tmp_m45f_yd
2025-06-24 09:48:57,095 - INFO - Soumission Slurm (samtools_762403596896_S6_L001_001_refA): sbatch --parsable /tmp/tmp5adoky2j
2025-06-24 09:48:57,140 - INFO - Soumission Slurm (samtools_762400359920_S22_L001_001_refA): sbatch --parsable /tmp/tmpiolekgnw
2025-06-24 09:48:57,171 - INFO - Soumission Slurm (samtools_762313207701_S21_L001_001_refA): sbatch --parsable /tmp/tmpm8q8p5v5
2025-06-24 09:48:57,212 - INFO - Pipeline terminé. Consensus généré dans /shared/projects/virome_human_apes/Maud_biostats/NanoConsensusSNP_pipeline/output_Miseq_ivar/consensus
2025-06-24 09:51:28,102 - INFO - Initialisation du pipeline RSV Illumina avec Bowtie2 + ivar
2025-06-24 09:51:28,102 - INFO - Début du pipeline Illumina RSV
2025-06-24 09:51:28,103 - INFO - Fichiers trimmed pour 762400359920_S22_L001_001 déjà présents → skip
2025-06-24 09:51:28,103 - INFO - Fichiers trimmed pour 762313403537_S23_L001_001 déjà présents → skip
2025-06-24 09:51:28,103 - INFO - Fichiers trimmed pour 762313345771_S16_L001_001 déjà présents → skip
2025-06-24 09:51:28,104 - INFO - Fichiers trimmed pour 762313207701_S21_L001_001 déjà présents → skip
2025-06-24 09:51:28,104 - INFO - Fichiers trimmed pour 762313387929_S17_L001_001 déjà présents → skip
2025-06-24 09:51:28,104 - INFO - Fichiers trimmed pour 762403628857_S2_L001_001 déjà présents → skip
2025-06-24 09:51:28,104 - INFO - Fichiers trimmed pour 762313394483_S8_L001_001 déjà présents → skip
2025-06-24 09:51:28,104 - INFO - Fichiers trimmed pour 762403575535_S1_L001_001 déjà présents → skip
2025-06-24 09:51:28,105 - INFO - Fichiers trimmed pour Tneg_S24_L001_001 déjà présents → skip
2025-06-24 09:51:28,105 - INFO - Fichiers trimmed pour 762400265848_S12_L001_001 déjà présents → skip
2025-06-24 09:51:28,105 - INFO - Fichiers trimmed pour 762313613809_S14_L001_001 déjà présents → skip
2025-06-24 09:51:28,105 - INFO - Fichiers trimmed pour 762313069336_S15_L001_001 déjà présents → skip
2025-06-24 09:51:28,106 - INFO - Fichiers trimmed pour 762313588113_S10_L001_001 déjà présents → skip
2025-06-24 09:51:28,106 - INFO - Fichiers trimmed pour 762400037787_S9_L001_001 déjà présents → skip
2025-06-24 09:51:28,106 - INFO - Fichiers trimmed pour 762313291711_S18_L001_001 déjà présents → skip
2025-06-24 09:51:28,106 - INFO - Fichiers trimmed pour 762403596896_S6_L001_001 déjà présents → skip
2025-06-24 09:51:28,106 - INFO - Fichiers trimmed pour 762313586613_S20_L001_001 déjà présents → skip
2025-06-24 09:51:28,107 - INFO - Fichiers trimmed pour 762400001842_S7_L001_001 déjà présents → skip
2025-06-24 09:51:28,107 - INFO - Fichiers trimmed pour 762500488845_S4_L001_001 déjà présents → skip
2025-06-24 09:51:28,107 - INFO - Fichiers trimmed pour 762313327828_S19_L001_001 déjà présents → skip
2025-06-24 09:51:28,107 - INFO - Fichiers trimmed pour 762400181459_S11_L001_001 déjà présents → skip
2025-06-24 09:51:28,107 - INFO - Fichiers trimmed pour 762313353613_S13_L001_001 déjà présents → skip
2025-06-24 09:51:28,117 - INFO - Alignements pour 762400265848_S12_L001_001 existent déjà → skip
2025-06-24 09:51:28,117 - INFO - Alignements pour 762313327828_S19_L001_001 existent déjà → skip
2025-06-24 09:51:28,117 - INFO - Alignements pour 762313345771_S16_L001_001 existent déjà → skip
2025-06-24 09:51:28,118 - INFO - Alignements pour 762400001842_S7_L001_001 existent déjà → skip
2025-06-24 09:51:28,118 - INFO - Alignements pour 762313207701_S21_L001_001 existent déjà → skip
2025-06-24 09:51:28,118 - INFO - Alignements pour 762403596896_S6_L001_001 existent déjà → skip
2025-06-24 09:51:28,118 - INFO - Alignements pour 762400359920_S22_L001_001 existent déjà → skip
2025-06-24 09:51:28,119 - INFO - Alignements pour 762403575535_S1_L001_001 existent déjà → skip
2025-06-24 09:51:28,119 - INFO - Alignements pour 762400037787_S9_L001_001 existent déjà → skip
2025-06-24 09:51:28,120 - INFO - Alignements pour 762313613809_S14_L001_001 existent déjà → skip
2025-06-24 09:51:28,120 - INFO - Alignements pour Tneg_S24_L001_001 existent déjà → skip
2025-06-24 09:51:28,120 - INFO - Alignements pour 762313403537_S23_L001_001 existent déjà → skip
2025-06-24 09:51:28,120 - INFO - Alignements pour 762313291711_S18_L001_001 existent déjà → skip
2025-06-24 09:51:28,121 - INFO - Alignements pour 762313069336_S15_L001_001 existent déjà → skip
2025-06-24 09:51:28,121 - INFO - Alignements pour 762313586613_S20_L001_001 existent déjà → skip
2025-06-24 09:51:28,121 - INFO - Alignements pour 762313353613_S13_L001_001 existent déjà → skip
2025-06-24 09:51:28,121 - INFO - Alignements pour 762313588113_S10_L001_001 existent déjà → skip
2025-06-24 09:51:28,121 - INFO - Alignements pour 762313394483_S8_L001_001 existent déjà → skip
2025-06-24 09:51:28,122 - INFO - Alignements pour 762313387929_S17_L001_001 existent déjà → skip
2025-06-24 09:51:28,122 - INFO - Alignements pour 762400181459_S11_L001_001 existent déjà → skip
2025-06-24 09:51:28,122 - INFO - Alignements pour 762403628857_S2_L001_001 existent déjà → skip
2025-06-24 09:51:28,123 - INFO - Alignements pour 762500488845_S4_L001_001 existent déjà → skip
2025-06-24 09:51:28,126 - INFO - Soumission Slurm (samtools_762500488845_S4_L001_001_refB): sbatch --parsable /tmp/tmp4gt8vzmi
2025-06-24 09:51:28,159 - INFO - Soumission Slurm (samtools_762313387929_S17_L001_001_refA): sbatch --parsable /tmp/tmpogwjxzcw
2025-06-24 09:51:28,213 - INFO - Soumission Slurm (samtools_762313588113_S10_L001_001_refA): sbatch --parsable /tmp/tmpc81i5wip
2025-06-24 09:51:28,245 - INFO - BAM trié /shared/projects/virome_human_apes/Maud_biostats/NanoConsensusSNP_pipeline/output_Miseq_ivar/sorted_bam/762400265848_S12_L001_001_refA_sorted.bam existe déjà → skip
2025-06-24 09:51:28,246 - INFO - BAM trié /shared/projects/virome_human_apes/Maud_biostats/NanoConsensusSNP_pipeline/output_Miseq_ivar/sorted_bam/762313345771_S16_L001_001_refA_sorted.bam existe déjà → skip
2025-06-24 09:51:28,248 - INFO - Soumission Slurm (samtools_762313069336_S15_L001_001_refA): sbatch --parsable /tmp/tmpd_fqt68s
2025-06-24 09:51:28,281 - INFO - Soumission Slurm (samtools_762313394483_S8_L001_001_refA): sbatch --parsable /tmp/tmpoe9j3_3a
2025-06-24 09:51:28,333 - INFO - BAM trié /shared/projects/virome_human_apes/Maud_biostats/NanoConsensusSNP_pipeline/output_Miseq_ivar/sorted_bam/762313207701_S21_L001_001_refB_sorted.bam existe déjà → skip
2025-06-24 09:51:28,335 - INFO - Soumission Slurm (samtools_Tneg_S24_L001_001_refB): sbatch --parsable /tmp/tmpca5tln0g
2025-06-24 09:51:28,370 - INFO - BAM trié /shared/projects/virome_human_apes/Maud_biostats/NanoConsensusSNP_pipeline/output_Miseq_ivar/sorted_bam/762313613809_S14_L001_001_refA_sorted.bam existe déjà → skip
2025-06-24 09:51:28,371 - INFO - Soumission Slurm (samtools_762313387929_S17_L001_001_refB): sbatch --parsable /tmp/tmpms68rcb4
2025-06-24 09:51:28,430 - INFO - Soumission Slurm (samtools_Tneg_S24_L001_001_refA): sbatch --parsable /tmp/tmpte1s2rh2
2025-06-24 09:51:28,474 - INFO - BAM trié /shared/projects/virome_human_apes/Maud_biostats/NanoConsensusSNP_pipeline/output_Miseq_ivar/sorted_bam/762313327828_S19_L001_001_refB_sorted.bam existe déjà → skip
2025-06-24 09:51:28,475 - INFO - BAM trié /shared/projects/virome_human_apes/Maud_biostats/NanoConsensusSNP_pipeline/output_Miseq_ivar/sorted_bam/762400001842_S7_L001_001_refB_sorted.bam existe déjà → skip
2025-06-24 09:51:28,475 - INFO - BAM trié /shared/projects/virome_human_apes/Maud_biostats/NanoConsensusSNP_pipeline/output_Miseq_ivar/sorted_bam/762313586613_S20_L001_001_refB_sorted.bam existe déjà → skip
2025-06-24 09:51:28,475 - INFO - BAM trié /shared/projects/virome_human_apes/Maud_biostats/NanoConsensusSNP_pipeline/output_Miseq_ivar/sorted_bam/762403596896_S6_L001_001_refB_sorted.bam existe déjà → skip
2025-06-24 09:51:28,476 - INFO - Soumission Slurm (samtools_762313588113_S10_L001_001_refB): sbatch --parsable /tmp/tmph8cm_j73
2025-06-24 09:51:28,507 - INFO - Soumission Slurm (samtools_762313291711_S18_L001_001_refA): sbatch --parsable /tmp/tmpkcae2lqr
2025-06-24 09:51:28,544 - INFO - BAM trié /shared/projects/virome_human_apes/Maud_biostats/NanoConsensusSNP_pipeline/output_Miseq_ivar/sorted_bam/762313403537_S23_L001_001_refA_sorted.bam existe déjà → skip
2025-06-24 09:51:28,545 - INFO - BAM trié /shared/projects/virome_human_apes/Maud_biostats/NanoConsensusSNP_pipeline/output_Miseq_ivar/sorted_bam/762400359920_S22_L001_001_refB_sorted.bam existe déjà → skip
2025-06-24 09:51:28,546 - INFO - Soumission Slurm (samtools_762400181459_S11_L001_001_refB): sbatch --parsable /tmp/tmpjdgxdkhn
2025-06-24 09:51:28,593 - INFO - Soumission Slurm (samtools_762403628857_S2_L001_001_refA): sbatch --parsable /tmp/tmpd56w02bk
2025-06-24 09:51:28,625 - INFO - Soumission Slurm (samtools_762313613809_S14_L001_001_refB): sbatch --parsable /tmp/tmpzz40_7_p
2025-06-24 09:51:28,657 - INFO - BAM trié /shared/projects/virome_human_apes/Maud_biostats/NanoConsensusSNP_pipeline/output_Miseq_ivar/sorted_bam/762400037787_S9_L001_001_refB_sorted.bam existe déjà → skip
2025-06-24 09:51:28,659 - INFO - Soumission Slurm (samtools_762313586613_S20_L001_001_refA): sbatch --parsable /tmp/tmpfiatw9f7
2025-06-24 09:51:28,693 - INFO - Soumission Slurm (samtools_762500488845_S4_L001_001_refA): sbatch --parsable /tmp/tmpbp2b7n2_
2025-06-24 09:51:28,746 - INFO - BAM trié /shared/projects/virome_human_apes/Maud_biostats/NanoConsensusSNP_pipeline/output_Miseq_ivar/sorted_bam/762313327828_S19_L001_001_refA_sorted.bam existe déjà → skip
2025-06-24 09:51:28,747 - INFO - Soumission Slurm (samtools_762313394483_S8_L001_001_refB): sbatch --parsable /tmp/tmpvutmz3vu
2025-06-24 09:51:28,780 - INFO - Soumission Slurm (samtools_762403628857_S2_L001_001_refB): sbatch --parsable /tmp/tmp3omlwore
2025-06-24 09:51:28,825 - INFO - BAM trié /shared/projects/virome_human_apes/Maud_biostats/NanoConsensusSNP_pipeline/output_Miseq_ivar/sorted_bam/762400037787_S9_L001_001_refA_sorted.bam existe déjà → skip
2025-06-24 09:51:28,826 - INFO - BAM trié /shared/projects/virome_human_apes/Maud_biostats/NanoConsensusSNP_pipeline/output_Miseq_ivar/sorted_bam/762400001842_S7_L001_001_refA_sorted.bam existe déjà → skip
2025-06-24 09:51:28,826 - INFO - BAM trié /shared/projects/virome_human_apes/Maud_biostats/NanoConsensusSNP_pipeline/output_Miseq_ivar/sorted_bam/762313345771_S16_L001_001_refB_sorted.bam existe déjà → skip
2025-06-24 09:51:28,827 - INFO - BAM trié /shared/projects/virome_human_apes/Maud_biostats/NanoConsensusSNP_pipeline/output_Miseq_ivar/sorted_bam/762403575535_S1_L001_001_refA_sorted.bam existe déjà → skip
2025-06-24 09:51:28,828 - INFO - Soumission Slurm (samtools_762400181459_S11_L001_001_refA): sbatch --parsable /tmp/tmp5nycxujl
2025-06-24 09:51:28,871 - INFO - BAM trié /shared/projects/virome_human_apes/Maud_biostats/NanoConsensusSNP_pipeline/output_Miseq_ivar/sorted_bam/762403575535_S1_L001_001_refB_sorted.bam existe déjà → skip
2025-06-24 09:51:28,873 - INFO - Soumission Slurm (samtools_762313403537_S23_L001_001_refB): sbatch --parsable /tmp/tmplij6b3p3
2025-06-24 09:51:28,905 - INFO - BAM trié /shared/projects/virome_human_apes/Maud_biostats/NanoConsensusSNP_pipeline/output_Miseq_ivar/sorted_bam/762400265848_S12_L001_001_refB_sorted.bam existe déjà → skip
2025-06-24 09:51:28,906 - INFO - Soumission Slurm (samtools_762313069336_S15_L001_001_refB): sbatch --parsable /tmp/tmpou4qs3a4
2025-06-24 09:51:28,941 - INFO - Soumission Slurm (samtools_762313353613_S13_L001_001_refA): sbatch --parsable /tmp/tmpazqu72k0
2025-06-24 09:51:28,988 - INFO - BAM trié /shared/projects/virome_human_apes/Maud_biostats/NanoConsensusSNP_pipeline/output_Miseq_ivar/sorted_bam/762403596896_S6_L001_001_refA_sorted.bam existe déjà → skip
2025-06-24 09:51:28,989 - INFO - BAM trié /shared/projects/virome_human_apes/Maud_biostats/NanoConsensusSNP_pipeline/output_Miseq_ivar/sorted_bam/762400359920_S22_L001_001_refA_sorted.bam existe déjà → skip
2025-06-24 09:51:28,990 - INFO - Soumission Slurm (samtools_762313353613_S13_L001_001_refB): sbatch --parsable /tmp/tmp4_p5vbq5
2025-06-24 09:51:29,022 - INFO - BAM trié /shared/projects/virome_human_apes/Maud_biostats/NanoConsensusSNP_pipeline/output_Miseq_ivar/sorted_bam/762313207701_S21_L001_001_refA_sorted.bam existe déjà → skip
2025-06-24 09:51:29,023 - INFO - Soumission Slurm (samtools_762313291711_S18_L001_001_refB): sbatch --parsable /tmp/tmpez90mv82
2025-06-24 09:51:29,346 - INFO - Soumission Slurm (ivar_762313345771_S16_L001_001_refA): sbatch --parsable /tmp/tmpmh318ely
2025-06-24 09:51:29,379 - INFO - Soumission Slurm (ivar_762313327828_S19_L001_001_refB): sbatch --parsable /tmp/tmpeg6zyuwf
2025-06-24 09:51:29,416 - INFO - Soumission Slurm (ivar_762400359920_S22_L001_001_refA): sbatch --parsable /tmp/tmpflz881kr
2025-06-24 09:51:29,462 - INFO - Soumission Slurm (ivar_762403596896_S6_L001_001_refB): sbatch --parsable /tmp/tmpq5crz50t
2025-06-24 09:51:29,494 - INFO - Soumission Slurm (ivar_762400037787_S9_L001_001_refA): sbatch --parsable /tmp/tmpnh28d8lm
2025-06-24 09:51:29,529 - INFO - Soumission Slurm (ivar_762313207701_S21_L001_001_refA): sbatch --parsable /tmp/tmp4vy0a1kx
2025-06-24 09:51:29,567 - INFO - Soumission Slurm (ivar_762403575535_S1_L001_001_refA): sbatch --parsable /tmp/tmp_yzvyaz4
2025-06-24 09:51:29,600 - INFO - Soumission Slurm (ivar_762403575535_S1_L001_001_refB): sbatch --parsable /tmp/tmpmg2fgmy1
2025-06-24 09:51:29,661 - INFO - Soumission Slurm (ivar_762400359920_S22_L001_001_refB): sbatch --parsable /tmp/tmpuyer0mxd
2025-06-24 09:51:29,695 - INFO - Soumission Slurm (ivar_762313403537_S23_L001_001_refA): sbatch --parsable /tmp/tmptct95fln
2025-06-24 09:51:29,732 - INFO - Soumission Slurm (ivar_762400265848_S12_L001_001_refB): sbatch --parsable /tmp/tmpajyjqn3r
2025-06-24 09:51:29,769 - INFO - Soumission Slurm (ivar_762313613809_S14_L001_001_refA): sbatch --parsable /tmp/tmpozna1b4l
2025-06-24 09:51:29,805 - INFO - Soumission Slurm (ivar_762400001842_S7_L001_001_refA): sbatch --parsable /tmp/tmp2v0ejy8n
2025-06-24 09:51:29,856 - INFO - Soumission Slurm (ivar_762313207701_S21_L001_001_refB): sbatch --parsable /tmp/tmprvqrx6sh
2025-06-24 09:51:29,907 - INFO - Soumission Slurm (ivar_762400037787_S9_L001_001_refB): sbatch --parsable /tmp/tmpwgsj03ij
2025-06-24 09:51:29,940 - INFO - Soumission Slurm (ivar_762400265848_S12_L001_001_refA): sbatch --parsable /tmp/tmpvb84xizd
2025-06-24 09:51:29,973 - INFO - Soumission Slurm (ivar_762313345771_S16_L001_001_refB): sbatch --parsable /tmp/tmpn8mv8f9c
2025-06-24 09:51:30,016 - INFO - Soumission Slurm (ivar_762313327828_S19_L001_001_refA): sbatch --parsable /tmp/tmp3hygwxdg
2025-06-24 09:51:30,047 - INFO - Soumission Slurm (ivar_762400001842_S7_L001_001_refB): sbatch --parsable /tmp/tmpwjjk_r_i
2025-06-24 09:51:30,091 - INFO - Soumission Slurm (ivar_762313586613_S20_L001_001_refB): sbatch --parsable /tmp/tmpkorvqevk
2025-06-24 09:51:30,129 - INFO - Soumission Slurm (ivar_762403596896_S6_L001_001_refA): sbatch --parsable /tmp/tmp8kx05wqq
2025-06-24 09:51:30,166 - INFO - Pipeline terminé. Consensus généré dans /shared/projects/virome_human_apes/Maud_biostats/NanoConsensusSNP_pipeline/output_Miseq_ivar/consensus
2025-06-24 09:54:41,273 - INFO - Initialisation du pipeline RSV Illumina avec Bowtie2 + ivar
2025-06-24 09:54:41,273 - INFO - Début du pipeline Illumina RSV
2025-06-24 09:54:41,275 - INFO - Fichiers trimmed pour 762400359920_S22_L001_001 déjà présents → skip
2025-06-24 09:54:41,275 - INFO - Fichiers trimmed pour 762313403537_S23_L001_001 déjà présents → skip
2025-06-24 09:54:41,275 - INFO - Fichiers trimmed pour 762313345771_S16_L001_001 déjà présents → skip
2025-06-24 09:54:41,275 - INFO - Fichiers trimmed pour 762313207701_S21_L001_001 déjà présents → skip
2025-06-24 09:54:41,276 - INFO - Fichiers trimmed pour 762313387929_S17_L001_001 déjà présents → skip
2025-06-24 09:54:41,276 - INFO - Fichiers trimmed pour 762403628857_S2_L001_001 déjà présents → skip
2025-06-24 09:54:41,276 - INFO - Fichiers trimmed pour 762313394483_S8_L001_001 déjà présents → skip
2025-06-24 09:54:41,277 - INFO - Fichiers trimmed pour 762403575535_S1_L001_001 déjà présents → skip
2025-06-24 09:54:41,277 - INFO - Fichiers trimmed pour Tneg_S24_L001_001 déjà présents → skip
2025-06-24 09:54:41,277 - INFO - Fichiers trimmed pour 762400265848_S12_L001_001 déjà présents → skip
2025-06-24 09:54:41,277 - INFO - Fichiers trimmed pour 762313613809_S14_L001_001 déjà présents → skip
2025-06-24 09:54:41,278 - INFO - Fichiers trimmed pour 762313069336_S15_L001_001 déjà présents → skip
2025-06-24 09:54:41,278 - INFO - Fichiers trimmed pour 762313588113_S10_L001_001 déjà présents → skip
2025-06-24 09:54:41,278 - INFO - Fichiers trimmed pour 762400037787_S9_L001_001 déjà présents → skip
2025-06-24 09:54:41,278 - INFO - Fichiers trimmed pour 762313291711_S18_L001_001 déjà présents → skip
2025-06-24 09:54:41,278 - INFO - Fichiers trimmed pour 762403596896_S6_L001_001 déjà présents → skip
2025-06-24 09:54:41,279 - INFO - Fichiers trimmed pour 762313586613_S20_L001_001 déjà présents → skip
2025-06-24 09:54:41,279 - INFO - Fichiers trimmed pour 762400001842_S7_L001_001 déjà présents → skip
2025-06-24 09:54:41,279 - INFO - Fichiers trimmed pour 762500488845_S4_L001_001 déjà présents → skip
2025-06-24 09:54:41,279 - INFO - Fichiers trimmed pour 762313327828_S19_L001_001 déjà présents → skip
2025-06-24 09:54:41,280 - INFO - Fichiers trimmed pour 762400181459_S11_L001_001 déjà présents → skip
2025-06-24 09:54:41,280 - INFO - Fichiers trimmed pour 762313353613_S13_L001_001 déjà présents → skip
2025-06-24 09:54:41,281 - INFO - Alignements pour 762400265848_S12_L001_001 existent déjà → skip
2025-06-24 09:54:41,281 - INFO - Alignements pour 762313327828_S19_L001_001 existent déjà → skip
2025-06-24 09:54:41,281 - INFO - Alignements pour 762313345771_S16_L001_001 existent déjà → skip
2025-06-24 09:54:41,282 - INFO - Alignements pour 762400001842_S7_L001_001 existent déjà → skip
2025-06-24 09:54:41,282 - INFO - Alignements pour 762313207701_S21_L001_001 existent déjà → skip
2025-06-24 09:54:41,282 - INFO - Alignements pour 762403596896_S6_L001_001 existent déjà → skip
2025-06-24 09:54:41,282 - INFO - Alignements pour 762400359920_S22_L001_001 existent déjà → skip
2025-06-24 09:54:41,282 - INFO - Alignements pour 762403575535_S1_L001_001 existent déjà → skip
2025-06-24 09:54:41,283 - INFO - Alignements pour 762400037787_S9_L001_001 existent déjà → skip
2025-06-24 09:54:41,283 - INFO - Alignements pour 762313613809_S14_L001_001 existent déjà → skip
2025-06-24 09:54:41,283 - INFO - Alignements pour Tneg_S24_L001_001 existent déjà → skip
2025-06-24 09:54:41,283 - INFO - Alignements pour 762313403537_S23_L001_001 existent déjà → skip
2025-06-24 09:54:41,284 - INFO - Alignements pour 762313291711_S18_L001_001 existent déjà → skip
2025-06-24 09:54:41,284 - INFO - Alignements pour 762313069336_S15_L001_001 existent déjà → skip
2025-06-24 09:54:41,284 - INFO - Alignements pour 762313586613_S20_L001_001 existent déjà → skip
2025-06-24 09:54:41,284 - INFO - Alignements pour 762313353613_S13_L001_001 existent déjà → skip
2025-06-24 09:54:41,285 - INFO - Alignements pour 762313588113_S10_L001_001 existent déjà → skip
2025-06-24 09:54:41,285 - INFO - Alignements pour 762313394483_S8_L001_001 existent déjà → skip
2025-06-24 09:54:41,285 - INFO - Alignements pour 762313387929_S17_L001_001 existent déjà → skip
2025-06-24 09:54:41,285 - INFO - Alignements pour 762400181459_S11_L001_001 existent déjà → skip
2025-06-24 09:54:41,286 - INFO - Alignements pour 762403628857_S2_L001_001 existent déjà → skip
2025-06-24 09:54:41,286 - INFO - Alignements pour 762500488845_S4_L001_001 existent déjà → skip
2025-06-24 09:54:41,287 - INFO - BAM trié /shared/projects/virome_human_apes/Maud_biostats/NanoConsensusSNP_pipeline/output_Miseq_ivar/sorted_bam/762500488845_S4_L001_001_refB_sorted.bam existe déjà → skip
2025-06-24 09:54:41,288 - INFO - BAM trié /shared/projects/virome_human_apes/Maud_biostats/NanoConsensusSNP_pipeline/output_Miseq_ivar/sorted_bam/762313387929_S17_L001_001_refA_sorted.bam existe déjà → skip
2025-06-24 09:54:41,289 - INFO - BAM trié /shared/projects/virome_human_apes/Maud_biostats/NanoConsensusSNP_pipeline/output_Miseq_ivar/sorted_bam/762313588113_S10_L001_001_refA_sorted.bam existe déjà → skip
2025-06-24 09:54:41,289 - INFO - BAM trié /shared/projects/virome_human_apes/Maud_biostats/NanoConsensusSNP_pipeline/output_Miseq_ivar/sorted_bam/762400265848_S12_L001_001_refA_sorted.bam existe déjà → skip
2025-06-24 09:54:41,289 - INFO - BAM trié /shared/projects/virome_human_apes/Maud_biostats/NanoConsensusSNP_pipeline/output_Miseq_ivar/sorted_bam/762313345771_S16_L001_001_refA_sorted.bam existe déjà → skip
2025-06-24 09:54:41,290 - INFO - BAM trié /shared/projects/virome_human_apes/Maud_biostats/NanoConsensusSNP_pipeline/output_Miseq_ivar/sorted_bam/762313069336_S15_L001_001_refA_sorted.bam existe déjà → skip
2025-06-24 09:54:41,290 - INFO - BAM trié /shared/projects/virome_human_apes/Maud_biostats/NanoConsensusSNP_pipeline/output_Miseq_ivar/sorted_bam/762313394483_S8_L001_001_refA_sorted.bam existe déjà → skip
2025-06-24 09:54:41,291 - INFO - BAM trié /shared/projects/virome_human_apes/Maud_biostats/NanoConsensusSNP_pipeline/output_Miseq_ivar/sorted_bam/762313207701_S21_L001_001_refB_sorted.bam existe déjà → skip
2025-06-24 09:54:41,291 - INFO - BAM trié /shared/projects/virome_human_apes/Maud_biostats/NanoConsensusSNP_pipeline/output_Miseq_ivar/sorted_bam/Tneg_S24_L001_001_refB_sorted.bam existe déjà → skip
2025-06-24 09:54:41,291 - INFO - BAM trié /shared/projects/virome_human_apes/Maud_biostats/NanoConsensusSNP_pipeline/output_Miseq_ivar/sorted_bam/762313613809_S14_L001_001_refA_sorted.bam existe déjà → skip
2025-06-24 09:54:41,292 - INFO - BAM trié /shared/projects/virome_human_apes/Maud_biostats/NanoConsensusSNP_pipeline/output_Miseq_ivar/sorted_bam/762313387929_S17_L001_001_refB_sorted.bam existe déjà → skip
2025-06-24 09:54:41,293 - INFO - BAM trié /shared/projects/virome_human_apes/Maud_biostats/NanoConsensusSNP_pipeline/output_Miseq_ivar/sorted_bam/Tneg_S24_L001_001_refA_sorted.bam existe déjà → skip
2025-06-24 09:54:41,293 - INFO - BAM trié /shared/projects/virome_human_apes/Maud_biostats/NanoConsensusSNP_pipeline/output_Miseq_ivar/sorted_bam/762313327828_S19_L001_001_refB_sorted.bam existe déjà → skip
2025-06-24 09:54:41,293 - INFO - BAM trié /shared/projects/virome_human_apes/Maud_biostats/NanoConsensusSNP_pipeline/output_Miseq_ivar/sorted_bam/762400001842_S7_L001_001_refB_sorted.bam existe déjà → skip
2025-06-24 09:54:41,294 - INFO - BAM trié /shared/projects/virome_human_apes/Maud_biostats/NanoConsensusSNP_pipeline/output_Miseq_ivar/sorted_bam/762313586613_S20_L001_001_refB_sorted.bam existe déjà → skip
2025-06-24 09:54:41,294 - INFO - BAM trié /shared/projects/virome_human_apes/Maud_biostats/NanoConsensusSNP_pipeline/output_Miseq_ivar/sorted_bam/762403596896_S6_L001_001_refB_sorted.bam existe déjà → skip
2025-06-24 09:54:41,295 - INFO - BAM trié /shared/projects/virome_human_apes/Maud_biostats/NanoConsensusSNP_pipeline/output_Miseq_ivar/sorted_bam/762313588113_S10_L001_001_refB_sorted.bam existe déjà → skip
2025-06-24 09:54:41,296 - INFO - BAM trié /shared/projects/virome_human_apes/Maud_biostats/NanoConsensusSNP_pipeline/output_Miseq_ivar/sorted_bam/762313291711_S18_L001_001_refA_sorted.bam existe déjà → skip
2025-06-24 09:54:41,296 - INFO - BAM trié /shared/projects/virome_human_apes/Maud_biostats/NanoConsensusSNP_pipeline/output_Miseq_ivar/sorted_bam/762313403537_S23_L001_001_refA_sorted.bam existe déjà → skip
2025-06-24 09:54:41,296 - INFO - BAM trié /shared/projects/virome_human_apes/Maud_biostats/NanoConsensusSNP_pipeline/output_Miseq_ivar/sorted_bam/762400359920_S22_L001_001_refB_sorted.bam existe déjà → skip
2025-06-24 09:54:41,297 - INFO - BAM trié /shared/projects/virome_human_apes/Maud_biostats/NanoConsensusSNP_pipeline/output_Miseq_ivar/sorted_bam/762400181459_S11_L001_001_refB_sorted.bam existe déjà → skip
2025-06-24 09:54:41,298 - INFO - BAM trié /shared/projects/virome_human_apes/Maud_biostats/NanoConsensusSNP_pipeline/output_Miseq_ivar/sorted_bam/762403628857_S2_L001_001_refA_sorted.bam existe déjà → skip
2025-06-24 09:54:41,298 - INFO - BAM trié /shared/projects/virome_human_apes/Maud_biostats/NanoConsensusSNP_pipeline/output_Miseq_ivar/sorted_bam/762313613809_S14_L001_001_refB_sorted.bam existe déjà → skip
2025-06-24 09:54:41,299 - INFO - BAM trié /shared/projects/virome_human_apes/Maud_biostats/NanoConsensusSNP_pipeline/output_Miseq_ivar/sorted_bam/762400037787_S9_L001_001_refB_sorted.bam existe déjà → skip
2025-06-24 09:54:41,299 - INFO - BAM trié /shared/projects/virome_human_apes/Maud_biostats/NanoConsensusSNP_pipeline/output_Miseq_ivar/sorted_bam/762313586613_S20_L001_001_refA_sorted.bam existe déjà → skip
2025-06-24 09:54:41,300 - INFO - BAM trié /shared/projects/virome_human_apes/Maud_biostats/NanoConsensusSNP_pipeline/output_Miseq_ivar/sorted_bam/762500488845_S4_L001_001_refA_sorted.bam existe déjà → skip
2025-06-24 09:54:41,300 - INFO - BAM trié /shared/projects/virome_human_apes/Maud_biostats/NanoConsensusSNP_pipeline/output_Miseq_ivar/sorted_bam/762313327828_S19_L001_001_refA_sorted.bam existe déjà → skip
2025-06-24 09:54:41,301 - INFO - BAM trié /shared/projects/virome_human_apes/Maud_biostats/NanoConsensusSNP_pipeline/output_Miseq_ivar/sorted_bam/762313394483_S8_L001_001_refB_sorted.bam existe déjà → skip
2025-06-24 09:54:41,302 - INFO - BAM trié /shared/projects/virome_human_apes/Maud_biostats/NanoConsensusSNP_pipeline/output_Miseq_ivar/sorted_bam/762403628857_S2_L001_001_refB_sorted.bam existe déjà → skip
2025-06-24 09:54:41,302 - INFO - BAM trié /shared/projects/virome_human_apes/Maud_biostats/NanoConsensusSNP_pipeline/output_Miseq_ivar/sorted_bam/762400037787_S9_L001_001_refA_sorted.bam existe déjà → skip
2025-06-24 09:54:41,302 - INFO - BAM trié /shared/projects/virome_human_apes/Maud_biostats/NanoConsensusSNP_pipeline/output_Miseq_ivar/sorted_bam/762400001842_S7_L001_001_refA_sorted.bam existe déjà → skip
2025-06-24 09:54:41,302 - INFO - BAM trié /shared/projects/virome_human_apes/Maud_biostats/NanoConsensusSNP_pipeline/output_Miseq_ivar/sorted_bam/762313345771_S16_L001_001_refB_sorted.bam existe déjà → skip
2025-06-24 09:54:41,303 - INFO - BAM trié /shared/projects/virome_human_apes/Maud_biostats/NanoConsensusSNP_pipeline/output_Miseq_ivar/sorted_bam/762403575535_S1_L001_001_refA_sorted.bam existe déjà → skip
2025-06-24 09:54:41,303 - INFO - BAM trié /shared/projects/virome_human_apes/Maud_biostats/NanoConsensusSNP_pipeline/output_Miseq_ivar/sorted_bam/762400181459_S11_L001_001_refA_sorted.bam existe déjà → skip
2025-06-24 09:54:41,303 - INFO - BAM trié /shared/projects/virome_human_apes/Maud_biostats/NanoConsensusSNP_pipeline/output_Miseq_ivar/sorted_bam/762403575535_S1_L001_001_refB_sorted.bam existe déjà → skip
2025-06-24 09:54:41,304 - INFO - BAM trié /shared/projects/virome_human_apes/Maud_biostats/NanoConsensusSNP_pipeline/output_Miseq_ivar/sorted_bam/762313403537_S23_L001_001_refB_sorted.bam existe déjà → skip
2025-06-24 09:54:41,305 - INFO - BAM trié /shared/projects/virome_human_apes/Maud_biostats/NanoConsensusSNP_pipeline/output_Miseq_ivar/sorted_bam/762400265848_S12_L001_001_refB_sorted.bam existe déjà → skip
2025-06-24 09:54:41,305 - INFO - BAM trié /shared/projects/virome_human_apes/Maud_biostats/NanoConsensusSNP_pipeline/output_Miseq_ivar/sorted_bam/762313069336_S15_L001_001_refB_sorted.bam existe déjà → skip
2025-06-24 09:54:41,306 - INFO - BAM trié /shared/projects/virome_human_apes/Maud_biostats/NanoConsensusSNP_pipeline/output_Miseq_ivar/sorted_bam/762313353613_S13_L001_001_refA_sorted.bam existe déjà → skip
2025-06-24 09:54:41,306 - INFO - BAM trié /shared/projects/virome_human_apes/Maud_biostats/NanoConsensusSNP_pipeline/output_Miseq_ivar/sorted_bam/762403596896_S6_L001_001_refA_sorted.bam existe déjà → skip
2025-06-24 09:54:41,306 - INFO - BAM trié /shared/projects/virome_human_apes/Maud_biostats/NanoConsensusSNP_pipeline/output_Miseq_ivar/sorted_bam/762400359920_S22_L001_001_refA_sorted.bam existe déjà → skip
2025-06-24 09:54:41,308 - INFO - BAM trié /shared/projects/virome_human_apes/Maud_biostats/NanoConsensusSNP_pipeline/output_Miseq_ivar/sorted_bam/762313353613_S13_L001_001_refB_sorted.bam existe déjà → skip
2025-06-24 09:54:41,308 - INFO - BAM trié /shared/projects/virome_human_apes/Maud_biostats/NanoConsensusSNP_pipeline/output_Miseq_ivar/sorted_bam/762313207701_S21_L001_001_refA_sorted.bam existe déjà → skip
2025-06-24 09:54:41,309 - INFO - BAM trié /shared/projects/virome_human_apes/Maud_biostats/NanoConsensusSNP_pipeline/output_Miseq_ivar/sorted_bam/762313291711_S18_L001_001_refB_sorted.bam existe déjà → skip
2025-06-24 09:54:41,311 - INFO - Soumission Slurm (ivar_762313345771_S16_L001_001_refA): sbatch --parsable /tmp/tmpjcilxk32
2025-06-24 09:54:41,349 - INFO - Soumission Slurm (ivar_762313069336_S15_L001_001_refA): sbatch --parsable /tmp/tmpkfvn_lj7
2025-06-24 09:54:41,382 - INFO - Soumission Slurm (ivar_762313403537_S23_L001_001_refB): sbatch --parsable /tmp/tmpw7ydmlp6
2025-06-24 09:54:41,414 - INFO - Soumission Slurm (ivar_762313069336_S15_L001_001_refB): sbatch --parsable /tmp/tmpcmo_dp_3
2025-06-24 09:54:41,447 - INFO - Soumission Slurm (ivar_762400181459_S11_L001_001_refA): sbatch --parsable /tmp/tmp3topq5jr
2025-06-24 09:54:41,481 - INFO - Soumission Slurm (ivar_762313291711_S18_L001_001_refA): sbatch --parsable /tmp/tmp13d2xl6g
2025-06-24 09:54:41,514 - INFO - Soumission Slurm (ivar_762313327828_S19_L001_001_refB): sbatch --parsable /tmp/tmp1d6qu6k6
2025-06-24 09:54:41,582 - INFO - Soumission Slurm (ivar_762400359920_S22_L001_001_refA): sbatch --parsable /tmp/tmpdpl3twln
2025-06-24 09:54:41,617 - INFO - Soumission Slurm (ivar_762403596896_S6_L001_001_refB): sbatch --parsable /tmp/tmp97bxi5h4
2025-06-24 09:54:41,651 - INFO - Soumission Slurm (ivar_762400037787_S9_L001_001_refA): sbatch --parsable /tmp/tmped2mqyzo
2025-06-24 09:54:41,693 - INFO - Soumission Slurm (ivar_762313207701_S21_L001_001_refA): sbatch --parsable /tmp/tmp28t6p2a9
2025-06-24 09:54:41,744 - INFO - Soumission Slurm (ivar_762313387929_S17_L001_001_refB): sbatch --parsable /tmp/tmpv1t38hkz
2025-06-24 09:54:41,780 - INFO - Soumission Slurm (ivar_762313353613_S13_L001_001_refA): sbatch --parsable /tmp/tmp01cymlte
2025-06-24 09:54:41,815 - INFO - Soumission Slurm (ivar_762403575535_S1_L001_001_refA): sbatch --parsable /tmp/tmps807j931
2025-06-24 09:54:41,847 - INFO - Soumission Slurm (ivar_762403575535_S1_L001_001_refB): sbatch --parsable /tmp/tmpreoc7hdg
2025-06-24 09:54:41,916 - INFO - Soumission Slurm (ivar_762403628857_S2_L001_001_refB): sbatch --parsable /tmp/tmpgw01s5fc
2025-06-24 09:54:41,950 - INFO - Soumission Slurm (ivar_762313588113_S10_L001_001_refB): sbatch --parsable /tmp/tmpuco2zdlh
2025-06-24 09:54:41,993 - INFO - Soumission Slurm (ivar_762400359920_S22_L001_001_refB): sbatch --parsable /tmp/tmpeoog773e
2025-06-24 09:54:42,025 - INFO - Soumission Slurm (ivar_Tneg_S24_L001_001_refB): sbatch --parsable /tmp/tmpymu1tjrr
2025-06-24 09:54:42,054 - INFO - Soumission Slurm (ivar_762313403537_S23_L001_001_refA): sbatch --parsable /tmp/tmpatabzap1
2025-06-24 09:54:42,089 - INFO - Soumission Slurm (ivar_762400265848_S12_L001_001_refB): sbatch --parsable /tmp/tmp90teml49
2025-06-24 09:54:42,155 - INFO - Soumission Slurm (ivar_762313588113_S10_L001_001_refA): sbatch --parsable /tmp/tmp055p1j79
2025-06-24 09:54:42,188 - INFO - Soumission Slurm (ivar_762313613809_S14_L001_001_refA): sbatch --parsable /tmp/tmp1lhcj2x_
2025-06-24 09:54:42,222 - INFO - Soumission Slurm (ivar_762400001842_S7_L001_001_refA): sbatch --parsable /tmp/tmpzo85ng8k
2025-06-24 09:54:42,254 - INFO - Soumission Slurm (ivar_762313394483_S8_L001_001_refA): sbatch --parsable /tmp/tmpmtwvwz10
2025-06-24 09:54:42,287 - INFO - Soumission Slurm (ivar_762500488845_S4_L001_001_refA): sbatch --parsable /tmp/tmpr6xm1kkr
2025-06-24 09:54:42,349 - INFO - Soumission Slurm (ivar_762313207701_S21_L001_001_refB): sbatch --parsable /tmp/tmpjphr3mv_
2025-06-24 09:54:42,651 - INFO - Soumission Slurm (ivar_762400181459_S11_L001_001_refB): sbatch --parsable /tmp/tmpzdhz_nx0
2025-06-24 09:54:42,699 - INFO - Soumission Slurm (ivar_762400037787_S9_L001_001_refB): sbatch --parsable /tmp/tmpu4t7t58y
2025-06-24 09:54:42,744 - INFO - Soumission Slurm (ivar_762400265848_S12_L001_001_refA): sbatch --parsable /tmp/tmpsjckjkio
2025-06-24 09:54:42,789 - INFO - Soumission Slurm (ivar_762313291711_S18_L001_001_refB): sbatch --parsable /tmp/tmpf9qjm2qc
2025-06-24 09:54:42,832 - INFO - Soumission Slurm (ivar_762313345771_S16_L001_001_refB): sbatch --parsable /tmp/tmpgu975eqb
2025-06-24 09:54:42,886 - INFO - Soumission Slurm (ivar_762313586613_S20_L001_001_refA): sbatch --parsable /tmp/tmp94t1ah0r
2025-06-24 09:54:42,925 - INFO - Soumission Slurm (ivar_762313327828_S19_L001_001_refA): sbatch --parsable /tmp/tmpatgmnam_
2025-06-24 09:54:42,975 - INFO - Soumission Slurm (ivar_762313387929_S17_L001_001_refA): sbatch --parsable /tmp/tmpk0cibvxh
2025-06-24 09:54:43,020 - INFO - Soumission Slurm (ivar_762313353613_S13_L001_001_refB): sbatch --parsable /tmp/tmp4eolnf8e
2025-06-24 09:54:43,058 - INFO - Soumission Slurm (ivar_762400001842_S7_L001_001_refB): sbatch --parsable /tmp/tmppgbsaen6
2025-06-24 09:54:43,112 - INFO - Soumission Slurm (ivar_Tneg_S24_L001_001_refA): sbatch --parsable /tmp/tmpuf6k2eqm
2025-06-24 09:54:43,171 - INFO - Soumission Slurm (ivar_762403628857_S2_L001_001_refA): sbatch --parsable /tmp/tmpglpgow9t
2025-06-24 09:54:43,204 - INFO - Soumission Slurm (ivar_762313586613_S20_L001_001_refB): sbatch --parsable /tmp/tmph1mdcwgb
2025-06-24 09:54:43,246 - INFO - Soumission Slurm (ivar_762403596896_S6_L001_001_refA): sbatch --parsable /tmp/tmpduo9ncv7
2025-06-24 09:54:43,277 - INFO - Soumission Slurm (ivar_762313394483_S8_L001_001_refB): sbatch --parsable /tmp/tmp5qskt7hk
2025-06-24 09:54:43,308 - INFO - Soumission Slurm (ivar_762500488845_S4_L001_001_refB): sbatch --parsable /tmp/tmpscmbi83j
2025-06-24 09:54:43,360 - INFO - Soumission Slurm (ivar_762313613809_S14_L001_001_refB): sbatch --parsable /tmp/tmpieavcjxe
2025-06-24 09:54:43,394 - INFO - Pipeline terminé. Consensus généré dans /shared/projects/virome_human_apes/Maud_biostats/NanoConsensusSNP_pipeline/output_Miseq_ivar/consensus
